<?xml version="1.0" encoding="UTF-8"?>
<testng-results ignored="0" total="1" passed="1" failed="0" skipped="0">
  <reporter-output>
  </reporter-output>
  <suite started-at="2022-04-08T00:30:18 IST" name="nopcommerceV1" finished-at="2022-04-08T00:30:37 IST" duration-ms="18919">
    <groups>
    </groups>
    <test started-at="2022-04-08T00:30:18 IST" name="nopcommerceTest1" finished-at="2022-04-08T00:30:37 IST" duration-ms="18919">
      <class name="com.nopcommerce.testCases.AddCustomerTests">
        <test-method is-config="true" signature="setUpBrowser(java.lang.String)[pri:0, instance:com.nopcommerce.testCases.AddCustomerTests@537f60bf]" started-at="2022-04-08T00:30:18 IST" name="setUpBrowser" finished-at="2022-04-08T00:30:26 IST" duration-ms="7626" status="PASS">
          <params>
            <param index="0">
              <value>
                <![CDATA[chrome]]>
              </value>
            </param>
          </params>
          <reporter-output>
          </reporter-output>
        </test-method> <!-- setUpBrowser -->
        <test-method signature="addCustomerTest(com.nopcommerce.entity.TestData)[pri:0, instance:com.nopcommerce.testCases.AddCustomerTests@537f60bf]" started-at="2022-04-08T00:30:26 IST" name="addCustomerTest" data-provider="getData" finished-at="2022-04-08T00:30:36 IST" duration-ms="10270" status="PASS">
          <params>
            <param index="0">
              <value>
                <![CDATA[com.nopcommerce.entity.TestData@717d7587]]>
              </value>
            </param>
          </params>
          <reporter-output>
          </reporter-output>
        </test-method> <!-- addCustomerTest -->
        <test-method is-config="true" signature="tearDownBrowser()[pri:0, instance:com.nopcommerce.testCases.AddCustomerTests@537f60bf]" started-at="2022-04-08T00:30:36 IST" name="tearDownBrowser" finished-at="2022-04-08T00:30:37 IST" duration-ms="835" status="PASS">
          <reporter-output>
          </reporter-output>
        </test-method> <!-- tearDownBrowser -->
      </class> <!-- com.nopcommerce.testCases.AddCustomerTests -->
    </test> <!-- nopcommerceTest1 -->
  </suite> <!-- nopcommerceV1 -->
</testng-results>
